app/manifest-merger-release-report.txt
-- Merging decision tree log ---
manifest
ADDED from AndroidManifest.xml:2:1
	xmlns:android
		ADDED from AndroidManifest.xml:2:11
	package
		ADDED from AndroidManifest.xml:3:5
		INJECTED from AndroidManifest.xml:0:0
		INJECTED from AndroidManifest.xml:0:0
	android:versionName
		ADDED from AndroidManifest.xml:5:5
	android:versionCode
		ADDED from AndroidManifest.xml:4:5
		INJECTED from AndroidManifest.xml:0:0
		INJECTED from AndroidManifest.xml:0:0
uses-sdk
ADDED from AndroidManifest.xml:7:5
MERGED from com.android.support:appcompat-v7:21.0.3:15:5
MERGED from com.android.support:support-v4:21.0.3:15:5
MERGED from com.google.android.gms:play-services:6.5.87:18:5
MERGED from com.android.support:support-v4:21.0.3:15:5
	android:targetSdkVersion
		ADDED from AndroidManifest.xml:7:15
		INJECTED from AndroidManifest.xml:0:0
		INJECTED from AndroidManifest.xml:0:0
	android:minSdkVersion
		ADDED from AndroidManifest.xml:8:12
		INJECTED from AndroidManifest.xml:0:0
		INJECTED from AndroidManifest.xml:0:0
uses-permission#android.permission.INTERNET
ADDED from AndroidManifest.xml:10:5
	android:name
		ADDED from AndroidManifest.xml:10:22
uses-permission#android.permission.VIBRATE
ADDED from AndroidManifest.xml:11:5
	android:name
		ADDED from AndroidManifest.xml:11:22
uses-permission#android.permission.ACCESS_NETWORK_STATE
ADDED from AndroidManifest.xml:12:5
	android:name
		ADDED from AndroidManifest.xml:12:22
uses-permission#android.permission.WRITE_SETTINGS
ADDED from AndroidManifest.xml:13:5
	android:name
		ADDED from AndroidManifest.xml:13:22
uses-permission#android.permission.RECEIVE_BOOT_COMPLETED
ADDED from AndroidManifest.xml:14:5
	android:name
		ADDED from AndroidManifest.xml:14:22
uses-permission#com.android.vending.BILLING
ADDED from AndroidManifest.xml:15:5
	android:name
		ADDED from AndroidManifest.xml:15:22
application
ADDED from AndroidManifest.xml:19:5
MERGED from com.android.support:appcompat-v7:21.0.3:16:5
MERGED from com.android.support:support-v4:21.0.3:16:5
MERGED from com.google.android.gms:play-services:6.5.87:20:5
MERGED from com.android.support:support-v4:21.0.3:16:5
	android:label
		ADDED from AndroidManifest.xml:21:9
	android:icon
		ADDED from AndroidManifest.xml:20:9
	android:theme
		ADDED from AndroidManifest.xml:22:9
meta-data#com.google.android.gms.version
ADDED from AndroidManifest.xml:24:9
MERGED from com.google.android.gms:play-services:6.5.87:21:9
	android:name
		ADDED from AndroidManifest.xml:24:20
	android:value
		ADDED from AndroidManifest.xml:25:13
activity#com.kipsap.jshipbattle.JLoginActivity
ADDED from AndroidManifest.xml:27:9
	android:windowSoftInputMode
		ADDED from AndroidManifest.xml:30:16
	android:screenOrientation
		ADDED from AndroidManifest.xml:28:16
	android:configChanges
		ADDED from AndroidManifest.xml:29:16
	android:theme
		ADDED from AndroidManifest.xml:31:16
	android:name
		ADDED from AndroidManifest.xml:27:19
activity#com.kipsap.jshipbattle.JSignupActivity
ADDED from AndroidManifest.xml:32:9
	android:windowSoftInputMode
		ADDED from AndroidManifest.xml:35:16
	android:screenOrientation
		ADDED from AndroidManifest.xml:33:16
	android:noHistory
		ADDED from AndroidManifest.xml:36:16
	android:configChanges
		ADDED from AndroidManifest.xml:34:16
	android:theme
		ADDED from AndroidManifest.xml:37:16
	android:name
		ADDED from AndroidManifest.xml:32:19
activity#com.kipsap.jshipbattle.JGamePicker
ADDED from AndroidManifest.xml:38:9
	android:windowSoftInputMode
		ADDED from AndroidManifest.xml:41:16
	android:screenOrientation
		ADDED from AndroidManifest.xml:39:16
	android:noHistory
		ADDED from AndroidManifest.xml:45:16
	android:configChanges
		ADDED from AndroidManifest.xml:40:16
	android:allowTaskReparenting
		ADDED from AndroidManifest.xml:42:16
	android:name
		ADDED from AndroidManifest.xml:38:19
	android:finishOnTaskLaunch
		ADDED from AndroidManifest.xml:43:16
	android:launchMode
		ADDED from AndroidManifest.xml:44:16
intent-filter#android.intent.action.MAIN+android.intent.category.LAUNCHER
ADDED from AndroidManifest.xml:46:13
action#android.intent.action.MAIN
ADDED from AndroidManifest.xml:47:17
	android:name
		ADDED from AndroidManifest.xml:47:25
category#android.intent.category.LAUNCHER
ADDED from AndroidManifest.xml:48:17
	android:name
		ADDED from AndroidManifest.xml:48:27
activity#com.kipsap.jshipbattle.PlayFieldActivity
ADDED from AndroidManifest.xml:51:9
	android:screenOrientation
		ADDED from AndroidManifest.xml:52:16
	android:noHistory
		ADDED from AndroidManifest.xml:55:16
	android:configChanges
		ADDED from AndroidManifest.xml:53:16
	android:theme
		ADDED from AndroidManifest.xml:54:16
	android:name
		ADDED from AndroidManifest.xml:51:19
activity#com.kipsap.jshipbattle.ShootActivity
ADDED from AndroidManifest.xml:56:9
	android:screenOrientation
		ADDED from AndroidManifest.xml:57:16
	android:configChanges
		ADDED from AndroidManifest.xml:58:16
	android:name
		ADDED from AndroidManifest.xml:56:19
activity#com.google.android.gms.ads.AdActivity
ADDED from AndroidManifest.xml:59:9
	android:configChanges
		ADDED from AndroidManifest.xml:60:19
	android:theme
		ADDED from AndroidManifest.xml:61:19
	android:name
		ADDED from AndroidManifest.xml:59:19
activity#com.kipsap.jshipbattle.SettingsActivity
ADDED from AndroidManifest.xml:62:9
	android:screenOrientation
		ADDED from AndroidManifest.xml:63:16
	android:noHistory
		ADDED from AndroidManifest.xml:66:7
	android:configChanges
		ADDED from AndroidManifest.xml:64:16
	android:theme
		ADDED from AndroidManifest.xml:65:14
	android:name
		ADDED from AndroidManifest.xml:62:19
activity#com.kipsap.jshipbattle.ResetPassword
ADDED from AndroidManifest.xml:67:9
	android:windowSoftInputMode
		ADDED from AndroidManifest.xml:69:16
	android:screenOrientation
		ADDED from AndroidManifest.xml:68:16
	android:noHistory
		ADDED from AndroidManifest.xml:72:7
	android:configChanges
		ADDED from AndroidManifest.xml:70:16
	android:theme
		ADDED from AndroidManifest.xml:71:14
	android:name
		ADDED from AndroidManifest.xml:67:19
activity#com.kipsap.jshipbattle.GameRules
ADDED from AndroidManifest.xml:73:9
	android:screenOrientation
		ADDED from AndroidManifest.xml:74:16
	android:noHistory
		ADDED from AndroidManifest.xml:77:7
	android:configChanges
		ADDED from AndroidManifest.xml:75:16
	android:theme
		ADDED from AndroidManifest.xml:76:14
	android:name
		ADDED from AndroidManifest.xml:73:19
activity#com.kipsap.jshipbattle.AboutActivity
ADDED from AndroidManifest.xml:78:9
	android:screenOrientation
		ADDED from AndroidManifest.xml:79:16
	android:noHistory
		ADDED from AndroidManifest.xml:82:7
	android:configChanges
		ADDED from AndroidManifest.xml:80:16
	android:theme
		ADDED from AndroidManifest.xml:81:14
	android:name
		ADDED from AndroidManifest.xml:78:19
activity#com.kipsap.jshipbattle.StatsActivity
ADDED from AndroidManifest.xml:83:9
	android:screenOrientation
		ADDED from AndroidManifest.xml:84:16
	android:noHistory
		ADDED from AndroidManifest.xml:87:7
	android:configChanges
		ADDED from AndroidManifest.xml:85:16
	android:theme
		ADDED from AndroidManifest.xml:86:14
	android:name
		ADDED from AndroidManifest.xml:83:19
activity#com.kipsap.jshipbattle.LoginOrSignup
ADDED from AndroidManifest.xml:88:9
	android:screenOrientation
		ADDED from AndroidManifest.xml:89:16
	android:configChanges
		ADDED from AndroidManifest.xml:90:16
	android:theme
		ADDED from AndroidManifest.xml:91:16
	android:name
		ADDED from AndroidManifest.xml:88:19
service#com.kipsap.jshipbattle.NotifyService
ADDED from AndroidManifest.xml:93:9
	android:enabled
		ADDED from AndroidManifest.xml:93:19
	android:name
		ADDED from AndroidManifest.xml:94:16
receiver#com.kipsap.jshipbattle.MyScheduleReceiver
ADDED from AndroidManifest.xml:95:11
	android:name
		ADDED from AndroidManifest.xml:95:21
intent-filter#android.intent.action.BOOT_COMPLETED
ADDED from AndroidManifest.xml:96:14
action#android.intent.action.BOOT_COMPLETED
ADDED from AndroidManifest.xml:97:18
	android:name
		ADDED from AndroidManifest.xml:97:26